#
# A fatal error has been detected by the Java Runtime Environment:
#
#  EXCEPTION_ACCESS_VIOLATION (0xc0000005) at pc=0x000000006e95b512, pid=9764, tid=3628
#
# JRE version: Java(TM) SE Runtime Environment (10.0.1+10) (build 10.0.1+10)
# Java VM: Java HotSpot(TM) 64-Bit Server VM (10.0.1+10, mixed mode, tiered, compressed oops, g1 gc, windows-amd64)
# Problematic frame:
# V  [jvm.dll+0x3bb512]
#
# No core dump will be written. Minidumps are not enabled by default on client versions of Windows
#
# If you would like to submit a bug report, please visit:
#   http://bugreport.java.com/bugreport/crash.jsp
#

---------------  S U M M A R Y ------------

Command Line: -javaagent:C:\Program Files\JetBrains\IntelliJ IDEA Community Edition 2018.1.4\lib\idea_rt.jar=58876:C:\Program Files\JetBrains\IntelliJ IDEA Community Edition 2018.1.4\bin -Dfile.encoding=UTF-8 Snake.Main

Host: Intel(R) Core(TM) i5-4200M CPU @ 2.50GHz, 4 cores, 7G,  Windows 10 , 64 bit Build 16299 (10.0.16299.431)
Time: Sun Jul 29 16:05:15 2018 Central European Summer Time elapsed time: 7 seconds (0d 0h 0m 7s)

---------------  T H R E A D  ---------------

Current thread (0x00000186d8cdd800):  JavaThread "JavaFX Application Thread" [_thread_in_vm, id=3628, stack(0x0000005a06500000,0x0000005a06600000)]

Stack: [0x0000005a06500000,0x0000005a06600000],  sp=0x0000005a065f8120,  free space=992k
Native frames: (J=compiled Java code, j=interpreted, Vv=VM code, C=native code)
V  [jvm.dll+0x3bb512]
V  [jvm.dll+0x3b2e7a]
C  [glass.dll+0x4f4c]

Java frames: (J=compiled Java code, j=interpreted, Vv=VM code)
j  com.sun.glass.ui.win.WinView._exitFullscreen(JZ)V+0 javafx.graphics@10.0.1
j  com.sun.glass.ui.View.exitFullscreen(Z)V+13 javafx.graphics@10.0.1
j  com.sun.javafx.tk.quantum.WindowStage.applyFullScreen()V+322 javafx.graphics@10.0.1
j  com.sun.javafx.tk.quantum.WindowStage.setFullScreen(Z)V+50 javafx.graphics@10.0.1
j  com.sun.javafx.tk.quantum.WindowStage.exitFullScreen()V+2 javafx.graphics@10.0.1
j  com.sun.javafx.tk.quantum.GlassViewEventHandler$KeyEventNotification.run()Ljava/lang/Void;+290 javafx.graphics@10.0.1
j  com.sun.javafx.tk.quantum.GlassViewEventHandler$KeyEventNotification.run()Ljava/lang/Object;+1 javafx.graphics@10.0.1
v  ~StubRoutines::call_stub
J 2137  java.security.AccessController.doPrivileged(Ljava/security/PrivilegedAction;Ljava/security/AccessControlContext;)Ljava/lang/Object; java.base@10.0.1 (0 bytes) @ 0x00000186c977c4a6 [0x00000186c977c440+0x0000000000000066]
j  com.sun.javafx.tk.quantum.GlassViewEventHandler.lambda$handleKeyEvent$1()Ljava/lang/Void;+11 javafx.graphics@10.0.1
j  com.sun.javafx.tk.quantum.GlassViewEventHandler$$Lambda$470.get()Ljava/lang/Object;+4 javafx.graphics@10.0.1
J 2365 c1 com.sun.javafx.tk.quantum.QuantumToolkit.runWithoutRenderLock(Ljava/util/function/Supplier;)Ljava/lang/Object; javafx.graphics@10.0.1 (49 bytes) @ 0x00000186c2568be4 [0x00000186c2568840+0x00000000000003a4]
j  com.sun.javafx.tk.quantum.GlassViewEventHandler.handleKeyEvent(Lcom/sun/glass/ui/View;JII[CI)V+58 javafx.graphics@10.0.1
j  com.sun.glass.ui.View.handleKeyEvent(JII[CI)V+20 javafx.graphics@10.0.1
j  com.sun.glass.ui.View.notifyKey(II[CI)V+9 javafx.graphics@10.0.1
v  ~StubRoutines::call_stub
j  com.sun.glass.ui.win.WinApplication._enterNestedEventLoopImpl()Ljava/lang/Object;+0 javafx.graphics@10.0.1
j  com.sun.glass.ui.win.WinApplication._enterNestedEventLoop()Ljava/lang/Object;+15 javafx.graphics@10.0.1
j  com.sun.glass.ui.Application.enterNestedEventLoop()Ljava/lang/Object;+14 javafx.graphics@10.0.1
j  com.sun.glass.ui.EventLoop.enter()Ljava/lang/Object;+42 javafx.graphics@10.0.1
j  com.sun.javafx.tk.quantum.QuantumToolkit.enterNestedEventLoop(Ljava/lang/Object;)Ljava/lang/Object;+94 javafx.graphics@10.0.1
j  javafx.stage.Stage.showAndWait()V+93 javafx.graphics@10.0.1
j  Snake.Game.initGameWindow(Ljava/lang/StringBuilder;)V+269
j  Snake.Menu.startGame(Ljava/lang/String;)V+21
j  Snake.Menu.lambda$layoutFunction$0(Ljavafx/scene/control/ChoiceBox;Ljavafx/event/ActionEvent;)V+11
j  Snake.Menu$$Lambda$369.handle(Ljavafx/event/Event;)V+12
J 1783 c1 com.sun.javafx.event.CompositeEventHandler.dispatchBubblingEvent(Ljavafx/event/Event;)V javafx.base@10.0.1 (57 bytes) @ 0x00000186c2446b5c [0x00000186c24467a0+0x00000000000003bc]
J 1687 c1 com.sun.javafx.event.EventHandlerManager.dispatchBubblingEvent(Ljavafx/event/Event;)Ljavafx/event/Event; javafx.base@10.0.1 (23 bytes) @ 0x00000186c2427554 [0x00000186c2426f40+0x0000000000000614]
J 1686 c1 com.sun.javafx.event.CompositeEventDispatcher.dispatchBubblingEvent(Ljavafx/event/Event;)Ljavafx/event/Event; javafx.base@10.0.1 (35 bytes) @ 0x00000186c2427e34 [0x00000186c2427c80+0x00000000000001b4]
J 1661 c1 com.sun.javafx.event.BasicEventDispatcher.dispatchEvent(Ljavafx/event/Event;Ljavafx/event/EventDispatchChain;)Ljavafx/event/Event; javafx.base@10.0.1 (44 bytes) @ 0x00000186c241afac [0x00000186c241ac80+0x000000000000032c]
J 1601 c1 com.sun.javafx.event.EventDispatchChainImpl.dispatchEvent(Ljavafx/event/Event;)Ljavafx/event/Event; javafx.base@10.0.1 (101 bytes) @ 0x00000186c240ed8c [0x00000186c240ebe0+0x00000000000001ac]
J 1661 c1 com.sun.javafx.event.BasicEventDispatcher.dispatchEvent(Ljavafx/event/Event;Ljavafx/event/EventDispatchChain;)Ljavafx/event/Event; javafx.base@10.0.1 (44 bytes) @ 0x00000186c241aec4 [0x00000186c241ac80+0x0000000000000244]
J 1601 c1 com.sun.javafx.event.EventDispatchChainImpl.dispatchEvent(Ljavafx/event/Event;)Ljavafx/event/Event; javafx.base@10.0.1 (101 bytes) @ 0x00000186c240ed8c [0x00000186c240ebe0+0x00000000000001ac]
J 1661 c1 com.sun.javafx.event.BasicEventDispatcher.dispatchEvent(Ljavafx/event/Event;Ljavafx/event/EventDispatchChain;)Ljavafx/event/Event; javafx.base@10.0.1 (44 bytes) @ 0x00000186c241aec4 [0x00000186c241ac80+0x0000000000000244]
J 1601 c1 com.sun.javafx.event.EventDispatchChainImpl.dispatchEvent(Ljavafx/event/Event;)Ljavafx/event/Event; javafx.base@10.0.1 (101 bytes) @ 0x00000186c240ed8c [0x00000186c240ebe0+0x00000000000001ac]
J 1832 c1 com.sun.javafx.event.EventUtil.fireEvent(Ljavafx/event/EventTarget;Ljavafx/event/Event;)Ljavafx/event/Event; javafx.base@10.0.1 (81 bytes) @ 0x00000186c2464a7c [0x00000186c2463f20+0x0000000000000b5c]
J 1831 c1 javafx.event.Event.fireEvent(Ljavafx/event/EventTarget;Ljavafx/event/Event;)V javafx.base@10.0.1 (35 bytes) @ 0x00000186c2463844 [0x00000186c2463780+0x00000000000000c4]
j  javafx.scene.Node.fireEvent(Ljavafx/event/Event;)V+86 javafx.graphics@10.0.1
j  javafx.scene.control.Button.fire()V+15 javafx.controls@10.0.1
j  com.sun.javafx.scene.control.behavior.ButtonBehavior.mouseReleased(Ljavafx/scene/input/MouseEvent;)V+27 javafx.controls@10.0.1
j  com.sun.javafx.scene.control.behavior.ButtonBehavior$$Lambda$306.handle(Ljavafx/event/Event;)V+8 javafx.controls@10.0.1
j  com.sun.javafx.scene.control.inputmap.InputMap.handle(Ljavafx/event/Event;)V+61 javafx.controls@10.0.1
j  com.sun.javafx.scene.control.inputmap.InputMap$$Lambda$200.handle(Ljavafx/event/Event;)V+5 javafx.controls@10.0.1
J 1843 c1 com.sun.javafx.event.CompositeEventHandler$NormalEventHandlerRecord.handleBubblingEvent(Ljavafx/event/Event;)V javafx.base@10.0.1 (11 bytes) @ 0x00000186c246af5c [0x00000186c246ae60+0x00000000000000fc]
J 1783 c1 com.sun.javafx.event.CompositeEventHandler.dispatchBubblingEvent(Ljavafx/event/Event;)V javafx.base@10.0.1 (57 bytes) @ 0x00000186c24469dc [0x00000186c24467a0+0x000000000000023c]
J 1687 c1 com.sun.javafx.event.EventHandlerManager.dispatchBubblingEvent(Ljavafx/event/Event;)Ljavafx/event/Event; javafx.base@10.0.1 (23 bytes) @ 0x00000186c2427554 [0x00000186c2426f40+0x0000000000000614]
J 1686 c1 com.sun.javafx.event.CompositeEventDispatcher.dispatchBubblingEvent(Ljavafx/event/Event;)Ljavafx/event/Event; javafx.base@10.0.1 (35 bytes) @ 0x00000186c2427e34 [0x00000186c2427c80+0x00000000000001b4]
J 1661 c1 com.sun.javafx.event.BasicEventDispatcher.dispatchEvent(Ljavafx/event/Event;Ljavafx/event/EventDispatchChain;)Ljavafx/event/Event; javafx.base@10.0.1 (44 bytes) @ 0x00000186c241afac [0x00000186c241ac80+0x000000000000032c]
J 1601 c1 com.sun.javafx.event.EventDispatchChainImpl.dispatchEvent(Ljavafx/event/Event;)Ljavafx/event/Event; javafx.base@10.0.1 (101 bytes) @ 0x00000186c240ed8c [0x00000186c240ebe0+0x00000000000001ac]
J 1661 c1 com.sun.javafx.event.BasicEventDispatcher.dispatchEvent(Ljavafx/event/Event;Ljavafx/event/EventDispatchChain;)Ljavafx/event/Event; javafx.base@10.0.1 (44 bytes) @ 0x00000186c241aec4 [0x00000186c241ac80+0x0000000000000244]
J 1601 c1 com.sun.javafx.event.EventDispatchChainImpl.dispatchEvent(Ljavafx/event/Event;)Ljavafx/event/Event; javafx.base@10.0.1 (101 bytes) @ 0x00000186c240ed8c [0x00000186c240ebe0+0x00000000000001ac]
J 1661 c1 com.sun.javafx.event.BasicEventDispatcher.dispatchEvent(Ljavafx/event/Event;Ljavafx/event/EventDispatchChain;)Ljavafx/event/Event; javafx.base@10.0.1 (44 bytes) @ 0x00000186c241aec4 [0x00000186c241ac80+0x0000000000000244]
J 1601 c1 com.sun.javafx.event.EventDispatchChainImpl.dispatchEvent(Ljavafx/event/Event;)Ljavafx/event/Event; javafx.base@10.0.1 (101 bytes) @ 0x00000186c240ed8c [0x00000186c240ebe0+0x00000000000001ac]
J 1832 c1 com.sun.javafx.event.EventUtil.fireEvent(Ljavafx/event/EventTarget;Ljavafx/event/Event;)Ljavafx/event/Event; javafx.base@10.0.1 (81 bytes) @ 0x00000186c24646dc [0x00000186c2463f20+0x00000000000007bc]
J 2128 c1 javafx.scene.Scene$MouseHandler.process(Ljavafx/scene/input/MouseEvent;Z)V javafx.graphics@10.0.1 (735 bytes) @ 0x00000186c24f90cc [0x00000186c24f73a0+0x0000000000001d2c]
J 2127 c1 javafx.scene.Scene$MouseHandler.access$1300(Ljavafx/scene/Scene$MouseHandler;Ljavafx/scene/input/MouseEvent;Z)V javafx.graphics@10.0.1 (7 bytes) @ 0x00000186c24f6594 [0x00000186c24f6540+0x0000000000000054]
j  javafx.scene.Scene.processMouseEvent(Ljavafx/scene/input/MouseEvent;)V+6 javafx.graphics@10.0.1
j  javafx.scene.Scene$ScenePeerListener.mouseEvent(Ljavafx/event/EventType;DDDDLjavafx/scene/input/MouseButton;ZZZZZZZZZ)V+46 javafx.graphics@10.0.1
j  com.sun.javafx.tk.quantum.GlassViewEventHandler$MouseEventNotification.run()Ljava/lang/Void;+582 javafx.graphics@10.0.1
j  com.sun.javafx.tk.quantum.GlassViewEventHandler$MouseEventNotification.run()Ljava/lang/Object;+1 javafx.graphics@10.0.1
v  ~StubRoutines::call_stub
J 2137  java.security.AccessController.doPrivileged(Ljava/security/PrivilegedAction;Ljava/security/AccessControlContext;)Ljava/lang/Object; java.base@10.0.1 (0 bytes) @ 0x00000186c977c4a6 [0x00000186c977c440+0x0000000000000066]
j  com.sun.javafx.tk.quantum.GlassViewEventHandler.lambda$handleMouseEvent$2()Ljava/lang/Void;+11 javafx.graphics@10.0.1
j  com.sun.javafx.tk.quantum.GlassViewEventHandler$$Lambda$338.get()Ljava/lang/Object;+4 javafx.graphics@10.0.1
j  com.sun.javafx.tk.quantum.QuantumToolkit.runWithoutRenderLock(Ljava/util/function/Supplier;)Ljava/lang/Object;+18 javafx.graphics@10.0.1
j  com.sun.javafx.tk.quantum.GlassViewEventHandler.handleMouseEvent(Lcom/sun/glass/ui/View;JIIIIIIIZZ)V+103 javafx.graphics@10.0.1
J 2131 c1 com.sun.glass.ui.View.notifyMouse(IIIIIIIZZ)V javafx.graphics@10.0.1 (221 bytes) @ 0x00000186c24fcfb4 [0x00000186c24fbfc0+0x0000000000000ff4]
v  ~StubRoutines::call_stub
j  com.sun.glass.ui.win.WinApplication._runLoop(Ljava/lang/Runnable;)V+0 javafx.graphics@10.0.1
j  com.sun.glass.ui.win.WinApplication.lambda$runLoop$3(ILjava/lang/Runnable;)V+8 javafx.graphics@10.0.1
j  com.sun.glass.ui.win.WinApplication$$Lambda$48.run()V+12 javafx.graphics@10.0.1
j  java.lang.Thread.run()V+11 java.base@10.0.1
v  ~StubRoutines::call_stub

siginfo: EXCEPTION_ACCESS_VIOLATION (0xc0000005), reading address 0x000000280000003c


Register to memory mapping:

RIP=0x000000006e95b512 jvm.dll
RAX=0x0000000100000ef0 is pointing into metadata
RBX=0x00000186d7c34558 is an unknown value
RCX=0x0000005a065f8188 is pointing into the stack for thread: 0x00000186d8cdd800
RDX=0x0000002800000010 is an unknown value
RSP=0x0000005a065f8120 is pointing into the stack for thread: 0x00000186d8cdd800
RBP=0x0000005a065f8220 is pointing into the stack for thread: 0x00000186d8cdd800
RSI=0x00000186d8ba5a90 is an unknown value
RDI=0x0000000000000000 is an unknown value
R8 =0x00000186d8d60b98 is a global jni handle
R9 =0x0000000000000001 is an unknown value
R10=0x00000001000dd870 is pointing into metadata
R11=0x0000000000000246 is an unknown value
R12=0x0000005a065f82e0 is pointing into the stack for thread: 0x00000186d8cdd800
R13=0x0000005a065f8310 is pointing into the stack for thread: 0x00000186d8cdd800
R14=0x00000186d8cdd800 is a thread
R15=0x00000186d7c56720 is an unknown value


Registers:
RAX=0x0000000100000ef0, RBX=0x00000186d7c34558, RCX=0x0000005a065f8188, RDX=0x0000002800000010
RSP=0x0000005a065f8120, RBP=0x0000005a065f8220, RSI=0x00000186d8ba5a90, RDI=0x0000000000000000
R8 =0x00000186d8d60b98, R9 =0x0000000000000001, R10=0x00000001000dd870, R11=0x0000000000000246
R12=0x0000005a065f82e0, R13=0x0000005a065f8310, R14=0x00000186d8cdd800, R15=0x00000186d7c56720
RIP=0x000000006e95b512, EFLAGS=0x0000000000010246

Top of Stack: (sp=0x0000005a065f8120)
0x0000005a065f8120:   00000186d8cdd800 0000000000000000
0x0000005a065f8130:   0000000000000000 0000000000000000
0x0000005a065f8140:   00007ffcea5e17e0 00007ffd135cb54c
0x0000005a065f8150:   0000000100000ef0 00000186d8cdd800
0x0000005a065f8160:   00000186d7c567a0 00000186d7c56b08
0x0000005a065f8170:   00000186d8cdda70 0000005a065f8310
0x0000005a065f8180:   00000000000003d8 00007ffd135cb54c
0x0000005a065f8190:   00000000c0000388 00007ffcea5e17e0
0x0000005a065f81a0:   00000000000f07dc 0000000080000000
0x0000005a065f81b0:   0000000000000000 0000005a065f82c0
0x0000005a065f81c0:   0000000000000001 0000000000000001
0x0000005a065f81d0:   0000000000000000 00000186d7c34558
0x0000005a065f81e0:   0000000000000000 00007ffd135e6327
0x0000005a065f81f0:   0000000000000000 0000000000000000
0x0000005a065f8200:   0000000000000000 00007ffd135e19da
0x0000005a065f8210:   00007ffcea5e17e0 0000000000000200 

Instructions: (pc=0x000000006e95b512)
0x000000006e95b4f2:   48 63 55 18 48 8b 45 08 48 8d 4c 24 68 48 89 1c
0x000000006e95b502:   d0 8d 42 01 89 45 18 48 8b 44 24 30 48 8b 50 08
0x000000006e95b512:   0f b7 42 2c 48 8b 52 08 48 8b 54 c2 40 e8 0c 19
0x000000006e95b522:   26 00 48 8d 05 f5 91 41 00 48 8d 54 24 30 0f 57 



---------------  P R O C E S S  ---------------

Threads class SMR info:
_java_thread_list=0x00000186da078a00, length=20, elements={
0x00000186b6832000, 0x00000186d7c2c800, 0x00000186d7c2e800, 0x00000186d85b3800,
0x00000186d7c33000, 0x00000186d7c3b000, 0x00000186d7c40800, 0x00000186d7c4c800,
0x00000186d7c5d800, 0x00000186d8910800, 0x00000186d89fb800, 0x00000186d8802000,
0x00000186d8a0c000, 0x00000186d8b25800, 0x00000186d8d31000, 0x00000186d8cdd800,
0x00000186d90db000, 0x00000186d8f67800, 0x00000186da125000, 0x00000186d8f72000
}

Java Threads: ( => current thread )
  0x00000186b6832000 JavaThread "main" [_thread_blocked, id=11224, stack(0x0000005a04800000,0x0000005a04900000)]
  0x00000186d7c2c800 JavaThread "Reference Handler" daemon [_thread_blocked, id=8648, stack(0x0000005a05500000,0x0000005a05600000)]
  0x00000186d7c2e800 JavaThread "Finalizer" daemon [_thread_blocked, id=7288, stack(0x0000005a05600000,0x0000005a05700000)]
  0x00000186d85b3800 JavaThread "Signal Dispatcher" daemon [_thread_blocked, id=9448, stack(0x0000005a05700000,0x0000005a05800000)]
  0x00000186d7c33000 JavaThread "Attach Listener" daemon [_thread_blocked, id=9848, stack(0x0000005a05800000,0x0000005a05900000)]
  0x00000186d7c3b000 JavaThread "C2 CompilerThread0" daemon [_thread_blocked, id=7596, stack(0x0000005a05900000,0x0000005a05a00000)]
  0x00000186d7c40800 JavaThread "C2 CompilerThread1" daemon [_thread_blocked, id=11348, stack(0x0000005a05a00000,0x0000005a05b00000)]
  0x00000186d7c4c800 JavaThread "C1 CompilerThread2" daemon [_thread_blocked, id=788, stack(0x0000005a05b00000,0x0000005a05c00000)]
  0x00000186d7c5d800 JavaThread "Sweeper thread" daemon [_thread_blocked, id=7012, stack(0x0000005a05c00000,0x0000005a05d00000)]
  0x00000186d8910800 JavaThread "Common-Cleaner" daemon [_thread_blocked, id=5876, stack(0x0000005a05d00000,0x0000005a05e00000)]
  0x00000186d89fb800 JavaThread "Monitor Ctrl-Break" daemon [_thread_in_native, id=4960, stack(0x0000005a05e00000,0x0000005a05f00000)]
  0x00000186d8802000 JavaThread "Service Thread" daemon [_thread_blocked, id=8824, stack(0x0000005a05f00000,0x0000005a06000000)]
  0x00000186d8a0c000 JavaThread "JavaFX-Launcher" [_thread_blocked, id=8476, stack(0x0000005a06100000,0x0000005a06200000)]
  0x00000186d8b25800 JavaThread "QuantumRenderer-0" daemon [_thread_blocked, id=604, stack(0x0000005a06200000,0x0000005a06300000)]
  0x00000186d8d31000 JavaThread "InvokeLaterDispatcher" daemon [_thread_blocked, id=11976, stack(0x0000005a06400000,0x0000005a06500000)]
=>0x00000186d8cdd800 JavaThread "JavaFX Application Thread" [_thread_in_vm, id=3628, stack(0x0000005a06500000,0x0000005a06600000)]
  0x00000186d90db000 JavaThread "Thread-2" daemon [_thread_in_native, id=72, stack(0x0000005a06900000,0x0000005a06a00000)]
  0x00000186d8f67800 JavaThread "Java2D Disposer" daemon [_thread_blocked, id=10400, stack(0x0000005a06a00000,0x0000005a06b00000)]
  0x00000186da125000 JavaThread "Prism Font Disposer" daemon [_thread_blocked, id=11288, stack(0x0000005a06e00000,0x0000005a06f00000)]
  0x00000186d8f72000 JavaThread "Cleaner-0" daemon [_thread_blocked, id=9336, stack(0x0000005a06f00000,0x0000005a07000000)]

Other Threads:
  0x00000186d7c16800 VMThread "VM Thread" [stack: 0x0000005a05400000,0x0000005a05500000] [id=1148]
  0x00000186d8807800 WatcherThread [stack: 0x0000005a06000000,0x0000005a06100000] [id=9320]
  0x00000186b684b000 GCTaskThread "GC Thread#0" [stack: 0x0000005a04900000,0x0000005a04a00000] [id=7868]
  0x00000186b684d800 GCTaskThread "GC Thread#1" [stack: 0x0000005a04a00000,0x0000005a04b00000] [id=6924]
  0x00000186b6850800 GCTaskThread "GC Thread#2" [stack: 0x0000005a04b00000,0x0000005a04c00000] [id=11296]
  0x00000186b6856800 GCTaskThread "GC Thread#3" [stack: 0x0000005a04c00000,0x0000005a04d00000] [id=1164]
  0x00000186b68c8000 ConcurrentGCThread "G1 Main Marker" [stack: 0x0000005a04d00000,0x0000005a04e00000] [id=348]
  0x00000186b68cb800 ConcurrentGCThread "G1 Conc#0" [stack: 0x0000005a04e00000,0x0000005a04f00000] [id=8028]
  0x00000186d7a9d800 ConcurrentGCThread "G1 Refine#0" [stack: 0x0000005a04f00000,0x0000005a05000000] [id=11944]
  0x00000186d7a9e000 ConcurrentGCThread "G1 Refine#1" [stack: 0x0000005a05000000,0x0000005a05100000] [id=7220]
  0x00000186d7aa7000 ConcurrentGCThread "G1 Refine#2" [stack: 0x0000005a05100000,0x0000005a05200000] [id=4388]
  0x00000186d7aa9800 ConcurrentGCThread "G1 Refine#3" [stack: 0x0000005a05200000,0x0000005a05300000] [id=9128]
  0x00000186d7aad000 ConcurrentGCThread "G1 Young RemSet Sampling" [stack: 0x0000005a05300000,0x0000005a05400000] [id=1464]

Threads with active compile tasks:

VM state:not at safepoint (normal execution)

VM Mutex/Monitor currently owned by a thread: None

Heap address: 0x0000000081400000, size: 2028 MB, Compressed Oops mode: 32-bit
Narrow klass base: 0x0000000000000000, Narrow klass shift: 3
Compressed class space size: 1073741824 Address: 0x0000000100000000

Heap:
 garbage-first heap   total 131072K, used 15116K [0x0000000081400000, 0x0000000100000000)
  region size 1024K, 10 young (10240K), 2 survivors (2048K)
 Metaspace       used 22502K, capacity 23205K, committed 23472K, reserved 1069056K
  class space    used 2753K, capacity 3129K, committed 3200K, reserved 1048576K
Heap Regions: E=young(eden), S=young(survivor), O=old, HS=humongous(starts), HC=humongous(continues), CS=collection set, F=free, A=archive, TS=gc time stamp, AC=allocation context, TAMS=top-at-mark-start (previous, next)
|   0|0x0000000081400000, 0x0000000081500000, 0x0000000081500000|100%| O|  |TS  0|AC  0|TAMS 0x0000000081500000, 0x0000000081500000|
|   1|0x0000000081500000, 0x0000000081600000, 0x0000000081600000|100%| O|  |TS  0|AC  0|TAMS 0x0000000081600000, 0x0000000081600000|
|   2|0x0000000081600000, 0x0000000081700000, 0x0000000081700000|100%| O|  |TS  0|AC  0|TAMS 0x0000000081700000, 0x0000000081700000|
|   3|0x0000000081700000, 0x0000000081800000, 0x0000000081800000|100%| O|  |TS  0|AC  0|TAMS 0x0000000081800000, 0x0000000081800000|
|   4|0x0000000081800000, 0x0000000081816c00, 0x0000000081900000|  8%| O|  |TS  0|AC  0|TAMS 0x0000000081816c00, 0x0000000081816c00|
|   5|0x0000000081900000, 0x0000000081a00000, 0x0000000081a00000|100%|HS|  |TS  0|AC  0|TAMS 0x0000000081a00000, 0x0000000081a00000|
|   6|0x0000000081a00000, 0x0000000081b00000, 0x0000000081b00000|100%|HC|  |TS  0|AC  0|TAMS 0x0000000081b00000, 0x0000000081b00000|
|   7|0x0000000081b00000, 0x0000000081b00000, 0x0000000081c00000|  0%| F|  |TS  0|AC  0|TAMS 0x0000000081b00000, 0x0000000081b00000|
|   8|0x0000000081c00000, 0x0000000081c00000, 0x0000000081d00000|  0%| F|  |TS  0|AC  0|TAMS 0x0000000081c00000, 0x0000000081c00000|
|   9|0x0000000081d00000, 0x0000000081d00000, 0x0000000081e00000|  0%| F|  |TS  0|AC  0|TAMS 0x0000000081d00000, 0x0000000081d00000|
|  10|0x0000000081e00000, 0x0000000081e00000, 0x0000000081f00000|  0%| F|  |TS  0|AC  0|TAMS 0x0000000081e00000, 0x0000000081e00000|
|  11|0x0000000081f00000, 0x0000000081f00000, 0x0000000082000000|  0%| F|  |TS  0|AC  0|TAMS 0x0000000081f00000, 0x0000000081f00000|
|  12|0x0000000082000000, 0x0000000082000000, 0x0000000082100000|  0%| F|  |TS  0|AC  0|TAMS 0x0000000082000000, 0x0000000082000000|
|  13|0x0000000082100000, 0x0000000082100000, 0x0000000082200000|  0%| F|  |TS  0|AC  0|TAMS 0x0000000082100000, 0x0000000082100000|
|  14|0x0000000082200000, 0x0000000082200000, 0x0000000082300000|  0%| F|  |TS  0|AC  0|TAMS 0x0000000082200000, 0x0000000082200000|
|  15|0x0000000082300000, 0x0000000082300000, 0x0000000082400000|  0%| F|  |TS  0|AC  0|TAMS 0x0000000082300000, 0x0000000082300000|
|  16|0x0000000082400000, 0x0000000082400000, 0x0000000082500000|  0%| F|  |TS  0|AC  0|TAMS 0x0000000082400000, 0x0000000082400000|
|  17|0x0000000082500000, 0x0000000082500000, 0x0000000082600000|  0%| F|  |TS  0|AC  0|TAMS 0x0000000082500000, 0x0000000082500000|
|  18|0x0000000082600000, 0x0000000082600000, 0x0000000082700000|  0%| F|  |TS  0|AC  0|TAMS 0x0000000082600000, 0x0000000082600000|
|  19|0x0000000082700000, 0x0000000082700000, 0x0000000082800000|  0%| F|  |TS  0|AC  0|TAMS 0x0000000082700000, 0x0000000082700000|
|  20|0x0000000082800000, 0x0000000082800000, 0x0000000082900000|  0%| F|  |TS  0|AC  0|TAMS 0x0000000082800000, 0x0000000082800000|
|  21|0x0000000082900000, 0x0000000082900000, 0x0000000082a00000|  0%| F|  |TS  0|AC  0|TAMS 0x0000000082900000, 0x0000000082900000|
|  22|0x0000000082a00000, 0x0000000082a00000, 0x0000000082b00000|  0%| F|  |TS  0|AC  0|TAMS 0x0000000082a00000, 0x0000000082a00000|
|  23|0x0000000082b00000, 0x0000000082b00000, 0x0000000082c00000|  0%| F|  |TS  0|AC  0|TAMS 0x0000000082b00000, 0x0000000082b00000|
|  24|0x0000000082c00000, 0x0000000082c00000, 0x0000000082d00000|  0%| F|  |TS  0|AC  0|TAMS 0x0000000082c00000, 0x0000000082c00000|
|  25|0x0000000082d00000, 0x0000000082d00000, 0x0000000082e00000|  0%| F|  |TS  0|AC  0|TAMS 0x0000000082d00000, 0x0000000082d00000|
|  26|0x0000000082e00000, 0x0000000082e00000, 0x0000000082f00000|  0%| F|  |TS  0|AC  0|TAMS 0x0000000082e00000, 0x0000000082e00000|
|  27|0x0000000082f00000, 0x0000000082f00000, 0x0000000083000000|  0%| F|  |TS  0|AC  0|TAMS 0x0000000082f00000, 0x0000000082f00000|
|  28|0x0000000083000000, 0x0000000083000000, 0x0000000083100000|  0%| F|  |TS  0|AC  0|TAMS 0x0000000083000000, 0x0000000083000000|
|  29|0x0000000083100000, 0x0000000083100000, 0x0000000083200000|  0%| F|  |TS  0|AC  0|TAMS 0x0000000083100000, 0x0000000083100000|
|  30|0x0000000083200000, 0x0000000083200000, 0x0000000083300000|  0%| F|  |TS  0|AC  0|TAMS 0x0000000083200000, 0x0000000083200000|
|  31|0x0000000083300000, 0x0000000083300000, 0x0000000083400000|  0%| F|  |TS  0|AC  0|TAMS 0x0000000083300000, 0x0000000083300000|
|  32|0x0000000083400000, 0x0000000083400000, 0x0000000083500000|  0%| F|  |TS  0|AC  0|TAMS 0x0000000083400000, 0x0000000083400000|
|  33|0x0000000083500000, 0x0000000083500000, 0x0000000083600000|  0%| F|  |TS  0|AC  0|TAMS 0x0000000083500000, 0x0000000083500000|
|  34|0x0000000083600000, 0x0000000083600000, 0x0000000083700000|  0%| F|  |TS  0|AC  0|TAMS 0x0000000083600000, 0x0000000083600000|
|  35|0x0000000083700000, 0x0000000083700000, 0x0000000083800000|  0%| F|  |TS  0|AC  0|TAMS 0x0000000083700000, 0x0000000083700000|
|  36|0x0000000083800000, 0x0000000083800000, 0x0000000083900000|  0%| F|  |TS  0|AC  0|TAMS 0x0000000083800000, 0x0000000083800000|
|  37|0x0000000083900000, 0x0000000083900000, 0x0000000083a00000|  0%| F|  |TS  0|AC  0|TAMS 0x0000000083900000, 0x0000000083900000|
|  38|0x0000000083a00000, 0x0000000083a00000, 0x0000000083b00000|  0%| F|  |TS  0|AC  0|TAMS 0x0000000083a00000, 0x0000000083a00000|
|  39|0x0000000083b00000, 0x0000000083b00000, 0x0000000083c00000|  0%| F|  |TS  0|AC  0|TAMS 0x0000000083b00000, 0x0000000083b00000|
|  40|0x0000000083c00000, 0x0000000083c00000, 0x0000000083d00000|  0%| F|  |TS  0|AC  0|TAMS 0x0000000083c00000, 0x0000000083c00000|
|  41|0x0000000083d00000, 0x0000000083d00000, 0x0000000083e00000|  0%| F|  |TS  0|AC  0|TAMS 0x0000000083d00000, 0x0000000083d00000|
|  42|0x0000000083e00000, 0x0000000083e00000, 0x0000000083f00000|  0%| F|  |TS  0|AC  0|TAMS 0x0000000083e00000, 0x0000000083e00000|
|  43|0x0000000083f00000, 0x0000000083f00000, 0x0000000084000000|  0%| F|  |TS  0|AC  0|TAMS 0x0000000083f00000, 0x0000000083f00000|
|  44|0x0000000084000000, 0x0000000084000000, 0x0000000084100000|  0%| F|  |TS  0|AC  0|TAMS 0x0000000084000000, 0x0000000084000000|
|  45|0x0000000084100000, 0x0000000084100000, 0x0000000084200000|  0%| F|  |TS  0|AC  0|TAMS 0x0000000084100000, 0x0000000084100000|
|  46|0x0000000084200000, 0x0000000084200000, 0x0000000084300000|  0%| F|  |TS  0|AC  0|TAMS 0x0000000084200000, 0x0000000084200000|
|  47|0x0000000084300000, 0x0000000084300000, 0x0000000084400000|  0%| F|  |TS  0|AC  0|TAMS 0x0000000084300000, 0x0000000084300000|
|  48|0x0000000084400000, 0x0000000084400000, 0x0000000084500000|  0%| F|  |TS  0|AC  0|TAMS 0x0000000084400000, 0x0000000084400000|
|  49|0x0000000084500000, 0x0000000084500000, 0x0000000084600000|  0%| F|  |TS  0|AC  0|TAMS 0x0000000084500000, 0x0000000084500000|
|  50|0x0000000084600000, 0x0000000084600000, 0x0000000084700000|  0%| F|  |TS  0|AC  0|TAMS 0x0000000084600000, 0x0000000084600000|
|  51|0x0000000084700000, 0x0000000084700000, 0x0000000084800000|  0%| F|  |TS  0|AC  0|TAMS 0x0000000084700000, 0x0000000084700000|
|  52|0x0000000084800000, 0x0000000084800000, 0x0000000084900000|  0%| F|  |TS  0|AC  0|TAMS 0x0000000084800000, 0x0000000084800000|
|  53|0x0000000084900000, 0x0000000084900000, 0x0000000084a00000|  0%| F|  |TS  0|AC  0|TAMS 0x0000000084900000, 0x0000000084900000|
|  54|0x0000000084a00000, 0x0000000084a00000, 0x0000000084b00000|  0%| F|  |TS  0|AC  0|TAMS 0x0000000084a00000, 0x0000000084a00000|
|  55|0x0000000084b00000, 0x0000000084b00000, 0x0000000084c00000|  0%| F|  |TS  0|AC  0|TAMS 0x0000000084b00000, 0x0000000084b00000|
|  56|0x0000000084c00000, 0x0000000084c00000, 0x0000000084d00000|  0%| F|  |TS  0|AC  0|TAMS 0x0000000084c00000, 0x0000000084c00000|
|  57|0x0000000084d00000, 0x0000000084d00000, 0x0000000084e00000|  0%| F|  |TS  0|AC  0|TAMS 0x0000000084d00000, 0x0000000084d00000|
|  58|0x0000000084e00000, 0x0000000084e00000, 0x0000000084f00000|  0%| F|  |TS  0|AC  0|TAMS 0x0000000084e00000, 0x0000000084e00000|
|  59|0x0000000084f00000, 0x0000000084f00000, 0x0000000085000000|  0%| F|  |TS  0|AC  0|TAMS 0x0000000084f00000, 0x0000000084f00000|
|  60|0x0000000085000000, 0x0000000085000000, 0x0000000085100000|  0%| F|  |TS  0|AC  0|TAMS 0x0000000085000000, 0x0000000085000000|
|  61|0x0000000085100000, 0x0000000085100000, 0x0000000085200000|  0%| F|  |TS  0|AC  0|TAMS 0x0000000085100000, 0x0000000085100000|
|  62|0x0000000085200000, 0x0000000085200000, 0x0000000085300000|  0%| F|  |TS  0|AC  0|TAMS 0x0000000085200000, 0x0000000085200000|
|  63|0x0000000085300000, 0x0000000085300000, 0x0000000085400000|  0%| F|  |TS  0|AC  0|TAMS 0x0000000085300000, 0x0000000085300000|
|  64|0x0000000085400000, 0x0000000085400000, 0x0000000085500000|  0%| F|  |TS  0|AC  0|TAMS 0x0000000085400000, 0x0000000085400000|
|  65|0x0000000085500000, 0x0000000085500000, 0x0000000085600000|  0%| F|  |TS  0|AC  0|TAMS 0x0000000085500000, 0x0000000085500000|
|  66|0x0000000085600000, 0x0000000085600000, 0x0000000085700000|  0%| F|  |TS  0|AC  0|TAMS 0x0000000085600000, 0x0000000085600000|
|  67|0x0000000085700000, 0x0000000085700000, 0x0000000085800000|  0%| F|  |TS  0|AC  0|TAMS 0x0000000085700000, 0x0000000085700000|
|  68|0x0000000085800000, 0x0000000085800000, 0x0000000085900000|  0%| F|  |TS  0|AC  0|TAMS 0x0000000085800000, 0x0000000085800000|
|  69|0x0000000085900000, 0x0000000085900000, 0x0000000085a00000|  0%| F|  |TS  0|AC  0|TAMS 0x0000000085900000, 0x0000000085900000|
|  70|0x0000000085a00000, 0x0000000085a00000, 0x0000000085b00000|  0%| F|  |TS  0|AC  0|TAMS 0x0000000085a00000, 0x0000000085a00000|
|  71|0x0000000085b00000, 0x0000000085b00000, 0x0000000085c00000|  0%| F|  |TS  0|AC  0|TAMS 0x0000000085b00000, 0x0000000085b00000|
|  72|0x0000000085c00000, 0x0000000085c00000, 0x0000000085d00000|  0%| F|  |TS  0|AC  0|TAMS 0x0000000085c00000, 0x0000000085c00000|
|  73|0x0000000085d00000, 0x0000000085d00000, 0x0000000085e00000|  0%| F|  |TS  0|AC  0|TAMS 0x0000000085d00000, 0x0000000085d00000|
|  74|0x0000000085e00000, 0x0000000085e00000, 0x0000000085f00000|  0%| F|  |TS  0|AC  0|TAMS 0x0000000085e00000, 0x0000000085e00000|
|  75|0x0000000085f00000, 0x0000000085f00000, 0x0000000086000000|  0%| F|  |TS  0|AC  0|TAMS 0x0000000085f00000, 0x0000000085f00000|
|  76|0x0000000086000000, 0x0000000086000000, 0x0000000086100000|  0%| F|  |TS  0|AC  0|TAMS 0x0000000086000000, 0x0000000086000000|
|  77|0x0000000086100000, 0x0000000086100000, 0x0000000086200000|  0%| F|  |TS  0|AC  0|TAMS 0x0000000086100000, 0x0000000086100000|
|  78|0x0000000086200000, 0x0000000086200000, 0x0000000086300000|  0%| F|  |TS  0|AC  0|TAMS 0x0000000086200000, 0x0000000086200000|
|  79|0x0000000086300000, 0x0000000086300000, 0x0000000086400000|  0%| F|  |TS  0|AC  0|TAMS 0x0000000086300000, 0x0000000086300000|
|  80|0x0000000086400000, 0x0000000086400000, 0x0000000086500000|  0%| F|  |TS  0|AC  0|TAMS 0x0000000086400000, 0x0000000086400000|
|  81|0x0000000086500000, 0x0000000086500000, 0x0000000086600000|  0%| F|  |TS  0|AC  0|TAMS 0x0000000086500000, 0x0000000086500000|
|  82|0x0000000086600000, 0x0000000086600000, 0x0000000086700000|  0%| F|  |TS  0|AC  0|TAMS 0x0000000086600000, 0x0000000086600000|
|  83|0x0000000086700000, 0x0000000086700000, 0x0000000086800000|  0%| F|  |TS  0|AC  0|TAMS 0x0000000086700000, 0x0000000086700000|
|  84|0x0000000086800000, 0x0000000086800000, 0x0000000086900000|  0%| F|  |TS  0|AC  0|TAMS 0x0000000086800000, 0x0000000086800000|
|  85|0x0000000086900000, 0x0000000086900000, 0x0000000086a00000|  0%| F|  |TS  0|AC  0|TAMS 0x0000000086900000, 0x0000000086900000|
|  86|0x0000000086a00000, 0x0000000086a00000, 0x0000000086b00000|  0%| F|  |TS  0|AC  0|TAMS 0x0000000086a00000, 0x0000000086a00000|
|  87|0x0000000086b00000, 0x0000000086b00000, 0x0000000086c00000|  0%| F|  |TS  0|AC  0|TAMS 0x0000000086b00000, 0x0000000086b00000|
|  88|0x0000000086c00000, 0x0000000086c00000, 0x0000000086d00000|  0%| F|  |TS  0|AC  0|TAMS 0x0000000086c00000, 0x0000000086c00000|
|  89|0x0000000086d00000, 0x0000000086d00000, 0x0000000086e00000|  0%| F|  |TS  0|AC  0|TAMS 0x0000000086d00000, 0x0000000086d00000|
|  90|0x0000000086e00000, 0x0000000086e00000, 0x0000000086f00000|  0%| F|  |TS  0|AC  0|TAMS 0x0000000086e00000, 0x0000000086e00000|
|  91|0x0000000086f00000, 0x0000000086f00000, 0x0000000087000000|  0%| F|  |TS  0|AC  0|TAMS 0x0000000086f00000, 0x0000000086f00000|
|  92|0x0000000087000000, 0x0000000087000000, 0x0000000087100000|  0%| F|  |TS  0|AC  0|TAMS 0x0000000087000000, 0x0000000087000000|
|  93|0x0000000087100000, 0x0000000087100000, 0x0000000087200000|  0%| F|  |TS  0|AC  0|TAMS 0x0000000087100000, 0x0000000087100000|
|  94|0x0000000087200000, 0x0000000087200000, 0x0000000087300000|  0%| F|  |TS  0|AC  0|TAMS 0x0000000087200000, 0x0000000087200000|
|  95|0x0000000087300000, 0x0000000087300000, 0x0000000087400000|  0%| F|  |TS  0|AC  0|TAMS 0x0000000087300000, 0x0000000087300000|
|  96|0x0000000087400000, 0x0000000087400000, 0x0000000087500000|  0%| F|  |TS  0|AC  0|TAMS 0x0000000087400000, 0x0000000087400000|
|  97|0x0000000087500000, 0x0000000087500000, 0x0000000087600000|  0%| F|  |TS  0|AC  0|TAMS 0x0000000087500000, 0x0000000087500000|
|  98|0x0000000087600000, 0x0000000087600000, 0x0000000087700000|  0%| F|  |TS  0|AC  0|TAMS 0x0000000087600000, 0x0000000087600000|
|  99|0x0000000087700000, 0x0000000087700000, 0x0000000087800000|  0%| F|  |TS  0|AC  0|TAMS 0x0000000087700000, 0x0000000087700000|
| 100|0x0000000087800000, 0x0000000087800000, 0x0000000087900000|  0%| F|  |TS  0|AC  0|TAMS 0x0000000087800000, 0x0000000087800000|
| 101|0x0000000087900000, 0x0000000087900000, 0x0000000087a00000|  0%| F|  |TS  0|AC  0|TAMS 0x0000000087900000, 0x0000000087900000|
| 102|0x0000000087a00000, 0x0000000087a00000, 0x0000000087b00000|  0%| F|  |TS  0|AC  0|TAMS 0x0000000087a00000, 0x0000000087a00000|
| 103|0x0000000087b00000, 0x0000000087b00000, 0x0000000087c00000|  0%| F|  |TS  0|AC  0|TAMS 0x0000000087b00000, 0x0000000087b00000|
| 104|0x0000000087c00000, 0x0000000087c00000, 0x0000000087d00000|  0%| F|  |TS  0|AC  0|TAMS 0x0000000087c00000, 0x0000000087c00000|
| 105|0x0000000087d00000, 0x0000000087d00000, 0x0000000087e00000|  0%| F|  |TS  0|AC  0|TAMS 0x0000000087d00000, 0x0000000087d00000|
| 106|0x0000000087e00000, 0x0000000087e00000, 0x0000000087f00000|  0%| F|  |TS  0|AC  0|TAMS 0x0000000087e00000, 0x0000000087e00000|
| 107|0x0000000087f00000, 0x0000000087f00000, 0x0000000088000000|  0%| F|  |TS  0|AC  0|TAMS 0x0000000087f00000, 0x0000000087f00000|
| 108|0x0000000088000000, 0x0000000088000000, 0x0000000088100000|  0%| F|  |TS  0|AC  0|TAMS 0x0000000088000000, 0x0000000088000000|
| 109|0x0000000088100000, 0x0000000088100000, 0x0000000088200000|  0%| F|  |TS  0|AC  0|TAMS 0x0000000088100000, 0x0000000088100000|
| 110|0x0000000088200000, 0x0000000088200000, 0x0000000088300000|  0%| F|  |TS  0|AC  0|TAMS 0x0000000088200000, 0x0000000088200000|
| 111|0x0000000088300000, 0x0000000088300000, 0x0000000088400000|  0%| F|  |TS  0|AC  0|TAMS 0x0000000088300000, 0x0000000088300000|
| 112|0x0000000088400000, 0x0000000088400000, 0x0000000088500000|  0%| F|  |TS  0|AC  0|TAMS 0x0000000088400000, 0x0000000088400000|
| 113|0x0000000088500000, 0x0000000088500000, 0x0000000088600000|  0%| F|  |TS  0|AC  0|TAMS 0x0000000088500000, 0x0000000088500000|
| 114|0x0000000088600000, 0x0000000088600000, 0x0000000088700000|  0%| F|  |TS  0|AC  0|TAMS 0x0000000088600000, 0x0000000088600000|
| 115|0x0000000088700000, 0x0000000088700000, 0x0000000088800000|  0%| F|  |TS  0|AC  0|TAMS 0x0000000088700000, 0x0000000088700000|
| 116|0x0000000088800000, 0x0000000088800000, 0x0000000088900000|  0%| F|  |TS  0|AC  0|TAMS 0x0000000088800000, 0x0000000088800000|
| 117|0x0000000088900000, 0x0000000088900000, 0x0000000088a00000|  0%| F|  |TS  0|AC  0|TAMS 0x0000000088900000, 0x0000000088900000|
| 118|0x0000000088a00000, 0x0000000088b00000, 0x0000000088b00000|100%| E|  |TS  0|AC  0|TAMS 0x0000000088a00000, 0x0000000088a00000|
| 119|0x0000000088b00000, 0x0000000088c00000, 0x0000000088c00000|100%| E|CS|TS  0|AC  0|TAMS 0x0000000088b00000, 0x0000000088b00000|
| 120|0x0000000088c00000, 0x0000000088cac470, 0x0000000088d00000| 67%| S|CS|TS  0|AC  0|TAMS 0x0000000088c00000, 0x0000000088c00000|
| 121|0x0000000088d00000, 0x0000000088e00000, 0x0000000088e00000|100%| S|CS|TS  0|AC  0|TAMS 0x0000000088d00000, 0x0000000088d00000|
| 122|0x0000000088e00000, 0x0000000088f00000, 0x0000000088f00000|100%| E|CS|TS  0|AC  0|TAMS 0x0000000088e00000, 0x0000000088e00000|
| 123|0x0000000088f00000, 0x0000000089000000, 0x0000000089000000|100%| E|CS|TS  0|AC  0|TAMS 0x0000000088f00000, 0x0000000088f00000|
| 124|0x0000000089000000, 0x0000000089100000, 0x0000000089100000|100%| E|CS|TS  0|AC  0|TAMS 0x0000000089000000, 0x0000000089000000|
| 125|0x0000000089100000, 0x0000000089200000, 0x0000000089200000|100%| E|CS|TS  0|AC  0|TAMS 0x0000000089100000, 0x0000000089100000|
| 126|0x0000000089200000, 0x0000000089300000, 0x0000000089300000|100%| E|CS|TS  0|AC  0|TAMS 0x0000000089200000, 0x0000000089200000|
| 127|0x0000000089300000, 0x0000000089400000, 0x0000000089400000|100%| E|CS|TS  0|AC  0|TAMS 0x0000000089300000, 0x0000000089300000|

Card table byte_map: [0x00000186d0fc0000,0x00000186d13c0000] byte_map_base: 0x00000186d0bb6000

Marking Bits (Prev, Next): (CMBitMap*) 0x00000186b68c7338, (CMBitMap*) 0x00000186b68c7300
 Prev Bits: [0x00000186d3770000, 0x00000186d5720000)
 Next Bits: [0x00000186d17c0000, 0x00000186d3770000)

Polling page: 0x00000186b25b0000

CodeHeap 'non-profiled nmethods': size=120064Kb used=1493Kb max_used=1493Kb free=118571Kb
 bounds [0x00000186c9680000, 0x00000186c98f0000, 0x00000186d0bc0000]
CodeHeap 'profiled nmethods': size=120000Kb used=5014Kb max_used=5014Kb free=114985Kb
 bounds [0x00000186c2150000, 0x00000186c2640000, 0x00000186c9680000]
CodeHeap 'non-nmethods': size=5696Kb used=1350Kb max_used=1422Kb free=4345Kb
 bounds [0x00000186c1bc0000, 0x00000186c1e30000, 0x00000186c2150000]
 total_blobs=4010 nmethods=2707 adapters=687
 compilation: enabled

Compilation events (10 events):
Event: 7.172 Thread 0x00000186d7c4c800 2703       3       javafx.scene.Scene::doCSSPass (27 bytes)
Event: 7.174 Thread 0x00000186d7c4c800 nmethod 2703 0x00000186c2634b10 code [0x00000186c2634d00, 0x00000186c2635260]
Event: 7.174 Thread 0x00000186d7c4c800 2704       3       javafx.scene.Scene::doLayoutPass (14 bytes)
Event: 7.174 Thread 0x00000186d7c4c800 nmethod 2704 0x00000186c2635410 code [0x00000186c2635600, 0x00000186c2635a40]
Event: 7.201 Thread 0x00000186d7c4c800 2705       1       javafx.scene.input.KeyCode::getCode (5 bytes)
Event: 7.202 Thread 0x00000186d7c4c800 nmethod 2705 0x00000186c97f4590 code [0x00000186c97f4740, 0x00000186c97f4858]
Event: 7.263 Thread 0x00000186d7c4c800 2706       1       com.sun.javafx.css.StyleManager::getInstance (4 bytes)
Event: 7.263 Thread 0x00000186d7c4c800 nmethod 2706 0x00000186c97f4910 code [0x00000186c97f4ac0, 0x00000186c97f4bb8]
Event: 7.266 Thread 0x00000186d7c3b000 2707       4       com.sun.javafx.sg.prism.GrowableDataBuffer::putInt (87 bytes)
Event: 7.275 Thread 0x00000186d7c3b000 nmethod 2707 0x00000186c97f4c10 code [0x00000186c97f4dc0, 0x00000186c97f5278]

GC Heap History (6 events):
Event: 1.149 GC heap before
{Heap before GC invocations=0 (full 0):
 garbage-first heap   total 131072K, used 14336K [0x0000000081400000, 0x0000000100000000)
  region size 1024K, 14 young (14336K), 0 survivors (0K)
 Metaspace       used 14906K, capacity 15280K, committed 15488K, reserved 1062912K
  class space    used 1655K, capacity 1822K, committed 1920K, reserved 1048576K
}
Event: 1.156 GC heap after
{Heap after GC invocations=1 (full 0):
 garbage-first heap   total 131072K, used 3971K [0x0000000081400000, 0x0000000100000000)
  region size 1024K, 2 young (2048K), 2 survivors (2048K)
 Metaspace       used 14906K, capacity 15280K, committed 15488K, reserved 1062912K
  class space    used 1655K, capacity 1822K, committed 1920K, reserved 1048576K
}
Event: 1.542 GC heap before
{Heap before GC invocations=1 (full 0):
 garbage-first heap   total 131072K, used 8067K [0x0000000081400000, 0x0000000100000000)
  region size 1024K, 6 young (6144K), 2 survivors (2048K)
 Metaspace       used 17827K, capacity 18388K, committed 18816K, reserved 1064960K
  class space    used 2138K, capacity 2379K, committed 2432K, reserved 1048576K
}
Event: 1.548 GC heap after
{Heap after GC invocations=2 (full 0):
 garbage-first heap   total 131072K, used 4902K [0x0000000081400000, 0x0000000100000000)
  region size 1024K, 1 young (1024K), 1 survivors (1024K)
 Metaspace       used 17827K, capacity 18388K, committed 18816K, reserved 1064960K
  class space    used 2138K, capacity 2379K, committed 2432K, reserved 1048576K
}
Event: 2.469 GC heap before
{Heap before GC invocations=2 (full 0):
 garbage-first heap   total 131072K, used 11046K [0x0000000081400000, 0x0000000100000000)
  region size 1024K, 6 young (6144K), 1 survivors (1024K)
 Metaspace       used 20450K, capacity 21084K, committed 21296K, reserved 1069056K
  class space    used 2484K, capacity 2789K, committed 2816K, reserved 1048576K
}
Event: 2.472 GC heap after
{Heap after GC invocations=3 (full 0):
 garbage-first heap   total 131072K, used 7948K [0x0000000081400000, 0x0000000100000000)
  region size 1024K, 2 young (2048K), 2 survivors (2048K)
 Metaspace       used 20450K, capacity 21084K, committed 21296K, reserved 1069056K
  class space    used 2484K, capacity 2789K, committed 2816K, reserved 1048576K
}

Deoptimization events (10 events):
Event: 3.993 Thread 0x00000186d8cdd800 Uncommon trap: reason=array_check action=maybe_recompile pc=0x00000186c97735f4 method=javafx.css.SimpleSelector.applies(Ljavafx/css/Styleable;[Ljava/util/Set;I)Z @ 37 c2
Event: 3.993 Thread 0x00000186d8cdd800 Uncommon trap: reason=array_check action=maybe_recompile pc=0x00000186c977a5b4 method=javafx.css.SimpleSelector.applies(Ljavafx/css/Styleable;[Ljava/util/Set;I)Z @ 37 c2
Event: 4.007 Thread 0x00000186d8cdd800 Uncommon trap: reason=array_check action=maybe_recompile pc=0x00000186c977a5b4 method=javafx.css.SimpleSelector.applies(Ljavafx/css/Styleable;[Ljava/util/Set;I)Z @ 37 c2
Event: 4.016 Thread 0x00000186d8cdd800 Uncommon trap: reason=array_check action=maybe_recompile pc=0x00000186c97735f4 method=javafx.css.SimpleSelector.applies(Ljavafx/css/Styleable;[Ljava/util/Set;I)Z @ 37 c2
Event: 4.016 Thread 0x00000186d8cdd800 Uncommon trap: reason=array_check action=maybe_recompile pc=0x00000186c977a5b4 method=javafx.css.SimpleSelector.applies(Ljavafx/css/Styleable;[Ljava/util/Set;I)Z @ 37 c2
Event: 4.116 Thread 0x00000186d8cdd800 Uncommon trap: reason=unstable_if action=reinterpret pc=0x00000186c96b950c method=java.lang.StringUTF16.compress([CI[BII)I @ 20 c2
Event: 4.147 Thread 0x00000186d8cdd800 Uncommon trap: reason=class_check action=maybe_recompile pc=0x00000186c971ada0 method=java.util.HashMap.putVal(ILjava/lang/Object;Ljava/lang/Object;ZZ)Ljava/lang/Object; @ 203 c2
Event: 4.147 Thread 0x00000186d8cdd800 Uncommon trap: reason=class_check action=maybe_recompile pc=0x00000186c971ada0 method=java.util.HashMap.putVal(ILjava/lang/Object;Ljava/lang/Object;ZZ)Ljava/lang/Object; @ 203 c2
Event: 4.147 Thread 0x00000186d8cdd800 Uncommon trap: reason=class_check action=maybe_recompile pc=0x00000186c971ad44 method=java.util.HashMap.putVal(ILjava/lang/Object;Ljava/lang/Object;ZZ)Ljava/lang/Object; @ 91 c2
Event: 4.147 Thread 0x00000186d8cdd800 Uncommon trap: reason=class_check action=maybe_recompile pc=0x00000186c971ada0 method=java.util.HashMap.putVal(ILjava/lang/Object;Ljava/lang/Object;ZZ)Ljava/lang/Object; @ 203 c2

Classes redefined (0 events):
No events

Internal exceptions (10 events):
Event: 1.478 Thread 0x00000186d8cdd800 Exception <a 'java/lang/ClassNotFoundException'{0x00000000891cec98}: com/sun/javafx/scene/control/skin/resources/controls_en_GB> (0x00000000891cec98) thrown at [t:/workspace/open/src/hotspot/share/prims/jni.cpp, line 632]
Event: 1.750 Thread 0x00000186d8b25800 Exception <a 'java/lang/NoSuchMethodError'{0x00000000891c9fd0}: java.lang.invoke.DirectMethodHandle$Holder.invokeStaticInit(Ljava/lang/Object;Ljava/lang/Object;)I> (0x00000000891c9fd0) thrown at [t:/workspace/open/src/hotspot/share/interpreter/linkResolve
Event: 2.474 Thread 0x00000186d8cdd800 Exception <a 'java/lang/NoSuchMethodError'{0x0000000089302fc8}: method resolution failed> (0x0000000089302fc8) thrown at [t:/workspace/open/src/hotspot/share/prims/methodHandles.cpp, line 1226]
Event: 2.474 Thread 0x00000186d8cdd800 Exception <a 'java/lang/NoSuchMethodError'{0x00000000893063b8}: java.lang.invoke.DirectMethodHandle$Holder.invokeStaticInit(Ljava/lang/Object;Ljava/lang/Object;Ljava/lang/Object;)J> (0x00000000893063b8) thrown at [t:/workspace/open/src/hotspot/share/inter
Event: 2.476 Thread 0x00000186d8cdd800 Exception <a 'java/lang/NoSuchMethodError'{0x0000000089319568}: method resolution failed> (0x0000000089319568) thrown at [t:/workspace/open/src/hotspot/share/prims/methodHandles.cpp, line 1226]
Event: 2.477 Thread 0x00000186d8cdd800 Exception <a 'java/lang/NoSuchMethodError'{0x000000008931f7f8}: java.lang.invoke.DirectMethodHandle$Holder.invokeStatic(Ljava/lang/Object;Ljava/lang/Object;J)Ljava/lang/Object;> (0x000000008931f7f8) thrown at [t:/workspace/open/src/hotspot/share/interpret
Event: 2.477 Thread 0x00000186d8cdd800 Exception <a 'java/lang/NoSuchMethodError'{0x0000000089322f20}: method resolution failed> (0x0000000089322f20) thrown at [t:/workspace/open/src/hotspot/share/prims/methodHandles.cpp, line 1226]
Event: 2.677 Thread 0x00000186d8cdd800 Implicit null exception at 0x00000186c97502dd to 0x00000186c9750cf6
Event: 3.190 Thread 0x00000186d8cdd800 Exception <a 'java/lang/NoSuchMethodError'{0x000000008924b9f0}: method resolution failed> (0x000000008924b9f0) thrown at [t:/workspace/open/src/hotspot/share/prims/methodHandles.cpp, line 1226]
Event: 4.130 Thread 0x00000186d8cdd800 Exception <a 'java/io/FileNotFoundException'{0x0000000088e32a40}> (0x0000000088e32a40) thrown at [t:/workspace/open/src/hotspot/share/prims/jni.cpp, line 611]

Events (10 events):
Event: 4.388 loading class Snake/Game$2
Event: 4.388 loading class Snake/Game$2 done
Event: 5.422 Thread 0x00000186d8b25800 DEOPT PACKING pc=0x00000186c2470fe8 sp=0x0000005a062fe0d0
Event: 5.422 Thread 0x00000186d8b25800 DEOPT UNPACKING pc=0x00000186c1be884e sp=0x0000005a062fd498 mode 0
Event: 5.684 Thread 0x00000186d8b25800 DEOPT PACKING pc=0x00000186c24550d4 sp=0x0000005a062fe0e0
Event: 5.684 Thread 0x00000186d8b25800 DEOPT UNPACKING pc=0x00000186c1be884e sp=0x0000005a062fd570 mode 0
Event: 6.444 Thread 0x00000186d8b25800 DEOPT PACKING pc=0x00000186c25e3b80 sp=0x0000005a062fe240
Event: 6.444 Thread 0x00000186d8b25800 DEOPT UNPACKING pc=0x00000186c1be884e sp=0x0000005a062fd6e0 mode 0
Event: 7.200 loading class com/sun/javafx/tk/quantum/GlassViewEventHandler
Event: 7.200 loading class com/sun/javafx/tk/quantum/GlassViewEventHandler done


Dynamic libraries:
0x00007ff61e2b0000 - 0x00007ff61e2ee000 	C:\Program Files\Java\jdk-10.0.1\bin\java.exe
0x00007ffd13780000 - 0x00007ffd13960000 	C:\WINDOWS\SYSTEM32\ntdll.dll
0x00007ffd10d50000 - 0x00007ffd10dfe000 	C:\WINDOWS\System32\KERNEL32.DLL
0x00007ffd108c0000 - 0x00007ffd10b26000 	C:\WINDOWS\System32\KERNELBASE.dll
0x00007ffd10fe0000 - 0x00007ffd11081000 	C:\WINDOWS\System32\ADVAPI32.dll
0x00007ffd10e00000 - 0x00007ffd10e9d000 	C:\WINDOWS\System32\msvcrt.dll
0x00007ffd12ef0000 - 0x00007ffd12f4b000 	C:\WINDOWS\System32\sechost.dll
0x00007ffd10ec0000 - 0x00007ffd10fdf000 	C:\WINDOWS\System32\RPCRT4.dll
0x00007ffd135c0000 - 0x00007ffd1374f000 	C:\WINDOWS\System32\USER32.dll
0x00007ffd0fd50000 - 0x00007ffd0fd70000 	C:\WINDOWS\System32\win32u.dll
0x00007ffd11620000 - 0x00007ffd11648000 	C:\WINDOWS\System32\GDI32.dll
0x00007ffd10720000 - 0x00007ffd108b3000 	C:\WINDOWS\System32\gdi32full.dll
0x00007ffd10b30000 - 0x00007ffd10bcb000 	C:\WINDOWS\System32\msvcp_win.dll
0x00007ffd10620000 - 0x00007ffd10716000 	C:\WINDOWS\System32\ucrtbase.dll
0x00007ffd002f0000 - 0x00007ffd00559000 	C:\WINDOWS\WinSxS\amd64_microsoft.windows.common-controls_6595b64144ccf1df_6.0.16299.431_none_15c7d3ee93659e73\COMCTL32.dll
0x00007ffd11090000 - 0x00007ffd11398000 	C:\WINDOWS\System32\combase.dll
0x00007ffd10bd0000 - 0x00007ffd10c42000 	C:\WINDOWS\System32\bcryptPrimitives.dll
0x00007ffd0c980000 - 0x00007ffd0c98a000 	C:\WINDOWS\SYSTEM32\VERSION.dll
0x00007ffd12a90000 - 0x00007ffd12abd000 	C:\WINDOWS\System32\IMM32.DLL
0x00007ffceb050000 - 0x00007ffceb13f000 	C:\Program Files\Java\jdk-10.0.1\bin\msvcr120.dll
0x00007ffce8af0000 - 0x00007ffce8b96000 	C:\Program Files\Java\jdk-10.0.1\bin\msvcp120.dll
0x000000006e5a0000 - 0x000000006f010000 	C:\Program Files\Java\jdk-10.0.1\bin\server\jvm.dll
0x00007ffd115b0000 - 0x00007ffd115b8000 	C:\WINDOWS\System32\PSAPI.DLL
0x00007ffd01890000 - 0x00007ffd01899000 	C:\WINDOWS\SYSTEM32\WSOCK32.dll
0x00007ffd07dd0000 - 0x00007ffd07df3000 	C:\WINDOWS\SYSTEM32\WINMM.dll
0x00007ffd10ce0000 - 0x00007ffd10d4c000 	C:\WINDOWS\System32\WS2_32.dll
0x00007ffd07da0000 - 0x00007ffd07dca000 	C:\WINDOWS\SYSTEM32\winmmbase.dll
0x00007ffd104c0000 - 0x00007ffd1050a000 	C:\WINDOWS\System32\cfgmgr32.dll
0x00007ffd09c80000 - 0x00007ffd09c8f000 	C:\Program Files\Java\jdk-10.0.1\bin\verify.dll
0x00007ffd06e50000 - 0x00007ffd07018000 	C:\WINDOWS\SYSTEM32\DBGHELP.DLL
0x00007ffd06e00000 - 0x00007ffd06e29000 	C:\WINDOWS\SYSTEM32\dbgcore.DLL
0x00007ffcffb10000 - 0x00007ffcffb37000 	C:\Program Files\Java\jdk-10.0.1\bin\java.dll
0x00007ffcf9d60000 - 0x00007ffcf9d8a000 	C:\Program Files\Java\jdk-10.0.1\bin\instrument.dll
0x00007ffd026e0000 - 0x00007ffd026f6000 	C:\Program Files\Java\jdk-10.0.1\bin\zip.dll
0x00007ffd09630000 - 0x00007ffd0963a000 	C:\Program Files\Java\jdk-10.0.1\bin\jimage.dll
0x00007ffd11650000 - 0x00007ffd12a88000 	C:\WINDOWS\System32\SHELL32.dll
0x00007ffd13510000 - 0x00007ffd135b6000 	C:\WINDOWS\System32\shcore.dll
0x00007ffd0fd70000 - 0x00007ffd104b7000 	C:\WINDOWS\System32\windows.storage.dll
0x00007ffd12f50000 - 0x00007ffd12fa1000 	C:\WINDOWS\System32\shlwapi.dll
0x00007ffd0faf0000 - 0x00007ffd0fb01000 	C:\WINDOWS\System32\kernel.appcore.dll
0x00007ffd0fb10000 - 0x00007ffd0fb5c000 	C:\WINDOWS\System32\powrprof.dll
0x00007ffd0fad0000 - 0x00007ffd0faeb000 	C:\WINDOWS\System32\profapi.dll
0x00007ffcffaf0000 - 0x00007ffcffb0a000 	C:\Program Files\Java\jdk-10.0.1\bin\net.dll
0x00007ffd0bc90000 - 0x00007ffd0bd6e000 	C:\WINDOWS\SYSTEM32\WINHTTP.dll
0x00007ffd0f360000 - 0x00007ffd0f3c6000 	C:\WINDOWS\system32\mswsock.dll
0x00007ffcfa4d0000 - 0x00007ffcfa4e1000 	C:\Program Files\Java\jdk-10.0.1\bin\nio.dll
0x00007ffcf3a40000 - 0x00007ffcf3a5a000 	C:\Program Files\JetBrains\IntelliJ IDEA Community Edition 2018.1.4\bin\breakgen64.dll
0x00000186d9180000 - 0x00000186d9183000 	C:\Program Files\Java\jdk-10.0.1\bin\api-ms-win-core-console-l1-1-0.dll
0x00000186d9190000 - 0x00000186d9193000 	C:\Program Files\Java\jdk-10.0.1\bin\api-ms-win-core-datetime-l1-1-0.dll
0x00000186d91a0000 - 0x00000186d91a3000 	C:\Program Files\Java\jdk-10.0.1\bin\api-ms-win-core-debug-l1-1-0.dll
0x00000186d91b0000 - 0x00000186d91b3000 	C:\Program Files\Java\jdk-10.0.1\bin\api-ms-win-core-errorhandling-l1-1-0.dll
0x00000186d91c0000 - 0x00000186d91c4000 	C:\Program Files\Java\jdk-10.0.1\bin\api-ms-win-core-file-l1-1-0.dll
0x00000186d91d0000 - 0x00000186d91d3000 	C:\Program Files\Java\jdk-10.0.1\bin\api-ms-win-core-file-l1-2-0.dll
0x00000186d91e0000 - 0x00000186d91e3000 	C:\Program Files\Java\jdk-10.0.1\bin\api-ms-win-core-file-l2-1-0.dll
0x00000186d91f0000 - 0x00000186d91f3000 	C:\Program Files\Java\jdk-10.0.1\bin\api-ms-win-core-handle-l1-1-0.dll
0x00000186d9200000 - 0x00000186d9203000 	C:\Program Files\Java\jdk-10.0.1\bin\api-ms-win-core-heap-l1-1-0.dll
0x00000186d9210000 - 0x00000186d9213000 	C:\Program Files\Java\jdk-10.0.1\bin\api-ms-win-core-interlocked-l1-1-0.dll
0x00000186d9220000 - 0x00000186d9223000 	C:\Program Files\Java\jdk-10.0.1\bin\api-ms-win-core-libraryloader-l1-1-0.dll
0x00000186d9230000 - 0x00000186d9233000 	C:\Program Files\Java\jdk-10.0.1\bin\api-ms-win-core-localization-l1-2-0.dll
0x00000186d9240000 - 0x00000186d9243000 	C:\Program Files\Java\jdk-10.0.1\bin\api-ms-win-core-memory-l1-1-0.dll
0x00000186d9250000 - 0x00000186d9253000 	C:\Program Files\Java\jdk-10.0.1\bin\api-ms-win-core-namedpipe-l1-1-0.dll
0x00000186d9260000 - 0x00000186d9263000 	C:\Program Files\Java\jdk-10.0.1\bin\api-ms-win-core-processenvironment-l1-1-0.dll
0x00000186d9270000 - 0x00000186d9273000 	C:\Program Files\Java\jdk-10.0.1\bin\api-ms-win-core-processthreads-l1-1-0.dll
0x00000186d9280000 - 0x00000186d9283000 	C:\Program Files\Java\jdk-10.0.1\bin\api-ms-win-core-processthreads-l1-1-1.dll
0x00000186d9290000 - 0x00000186d9293000 	C:\Program Files\Java\jdk-10.0.1\bin\api-ms-win-core-profile-l1-1-0.dll
0x00000186d92a0000 - 0x00000186d92a3000 	C:\Program Files\Java\jdk-10.0.1\bin\api-ms-win-core-rtlsupport-l1-1-0.dll
0x00000186d92b0000 - 0x00000186d92b3000 	C:\Program Files\Java\jdk-10.0.1\bin\api-ms-win-core-string-l1-1-0.dll
0x00000186d92c0000 - 0x00000186d92c3000 	C:\Program Files\Java\jdk-10.0.1\bin\api-ms-win-core-synch-l1-1-0.dll
0x00000186d92d0000 - 0x00000186d92d3000 	C:\Program Files\Java\jdk-10.0.1\bin\api-ms-win-core-synch-l1-2-0.dll
0x00000186d92e0000 - 0x00000186d92e3000 	C:\Program Files\Java\jdk-10.0.1\bin\api-ms-win-core-sysinfo-l1-1-0.dll
0x00000186d92f0000 - 0x00000186d92f3000 	C:\Program Files\Java\jdk-10.0.1\bin\api-ms-win-core-timezone-l1-1-0.dll
0x00000186d9300000 - 0x00000186d9303000 	C:\Program Files\Java\jdk-10.0.1\bin\api-ms-win-core-util-l1-1-0.dll
0x00000186d9310000 - 0x00000186d9313000 	C:\Program Files\Java\jdk-10.0.1\bin\api-ms-win-crt-conio-l1-1-0.dll
0x00000186d9320000 - 0x00000186d9324000 	C:\Program Files\Java\jdk-10.0.1\bin\api-ms-win-crt-convert-l1-1-0.dll
0x00000186d9330000 - 0x00000186d9333000 	C:\Program Files\Java\jdk-10.0.1\bin\api-ms-win-crt-environment-l1-1-0.dll
0x00000186d9340000 - 0x00000186d9343000 	C:\Program Files\Java\jdk-10.0.1\bin\api-ms-win-crt-filesystem-l1-1-0.dll
0x00000186d9350000 - 0x00000186d9353000 	C:\Program Files\Java\jdk-10.0.1\bin\api-ms-win-crt-heap-l1-1-0.dll
0x00000186d9360000 - 0x00000186d9363000 	C:\Program Files\Java\jdk-10.0.1\bin\api-ms-win-crt-locale-l1-1-0.dll
0x00000186d9370000 - 0x00000186d9375000 	C:\Program Files\Java\jdk-10.0.1\bin\api-ms-win-crt-math-l1-1-0.dll
0x00000186d9380000 - 0x00000186d9385000 	C:\Program Files\Java\jdk-10.0.1\bin\api-ms-win-crt-multibyte-l1-1-0.dll
0x00000186d9390000 - 0x00000186d93a0000 	C:\Program Files\Java\jdk-10.0.1\bin\api-ms-win-crt-private-l1-1-0.dll
0x00000186d93a0000 - 0x00000186d93a3000 	C:\Program Files\Java\jdk-10.0.1\bin\api-ms-win-crt-process-l1-1-0.dll
0x00000186d93b0000 - 0x00000186d93b4000 	C:\Program Files\Java\jdk-10.0.1\bin\api-ms-win-crt-runtime-l1-1-0.dll
0x00000186d93c0000 - 0x00000186d93c4000 	C:\Program Files\Java\jdk-10.0.1\bin\api-ms-win-crt-stdio-l1-1-0.dll
0x00000186d93d0000 - 0x00000186d93d4000 	C:\Program Files\Java\jdk-10.0.1\bin\api-ms-win-crt-string-l1-1-0.dll
0x00000186d93e0000 - 0x00000186d93e3000 	C:\Program Files\Java\jdk-10.0.1\bin\api-ms-win-crt-time-l1-1-0.dll
0x00000186d93f0000 - 0x00000186d93f3000 	C:\Program Files\Java\jdk-10.0.1\bin\api-ms-win-crt-utility-l1-1-0.dll
0x00007ffce7e20000 - 0x00007ffce7f16000 	C:\Program Files\Java\jdk-10.0.1\bin\ucrtbase.dll
0x00007ffcf3420000 - 0x00007ffcf3436000 	C:\Program Files\Java\jdk-10.0.1\bin\vcruntime140.dll
0x00007ffce6b10000 - 0x00007ffce6bac000 	C:\Program Files\Java\jdk-10.0.1\bin\msvcp140.dll
0x00007ffcf33c0000 - 0x00007ffcf3411000 	C:\Program Files\Java\jdk-10.0.1\bin\concrt140.dll
0x00007ffcf32a0000 - 0x00007ffcf32c3000 	C:\Program Files\Java\jdk-10.0.1\bin\prism_d3d.dll
0x00007ffcff0c0000 - 0x00007ffcff255000 	C:\WINDOWS\system32\d3d9.dll
0x00007ffd0e560000 - 0x00007ffd0e58a000 	C:\WINDOWS\SYSTEM32\dwmapi.dll
0x00007ffd0e280000 - 0x00007ffd0e315000 	C:\WINDOWS\system32\uxtheme.dll
0x00007ffcc9e00000 - 0x00007ffccc038000 	C:\WINDOWS\SYSTEM32\igdumdim64.dll
0x00007ffd130c0000 - 0x00007ffd1350e000 	C:\WINDOWS\System32\SETUPAPI.dll
0x00007ffd12cb0000 - 0x00007ffd12d75000 	C:\WINDOWS\System32\OLEAUT32.dll
0x00007ffd12ac0000 - 0x00007ffd12c09000 	C:\WINDOWS\System32\ole32.dll
0x00007ffcea5e0000 - 0x00007ffcea62a000 	C:\Program Files\Java\jdk-10.0.1\bin\glass.dll
0x00007ffd12fb0000 - 0x00007ffd130ba000 	C:\WINDOWS\System32\COMDLG32.dll
0x00007ffd12d80000 - 0x00007ffd12ee7000 	C:\WINDOWS\System32\MSCTF.dll
0x00007ffcfae20000 - 0x00007ffcfb824000 	C:\WINDOWS\SYSTEM32\igdusc64.dll
0x00007ffcf3280000 - 0x00007ffcf3294000 	C:\Program Files\Java\jdk-10.0.1\bin\javafx_font.dll
0x00007ffce1130000 - 0x00007ffce12cb000 	C:\Program Files\Java\jdk-10.0.1\bin\awt.dll
0x00007ffd0d6e0000 - 0x00007ffd0dc98000 	C:\WINDOWS\SYSTEM32\d2d1.dll
0x00007ffd0fb80000 - 0x00007ffd0fd4e000 	C:\WINDOWS\System32\CRYPT32.dll
0x00007ffd0fb60000 - 0x00007ffd0fb72000 	C:\WINDOWS\System32\MSASN1.dll
0x00007ffd0e1d0000 - 0x00007ffd0e258000 	C:\WINDOWS\SYSTEM32\apphelp.dll
0x00007ffce7590000 - 0x00007ffce75f5000 	C:\Program Files\Java\jdk-10.0.1\bin\fontmanager.dll
0x00007ffcfe0a0000 - 0x00007ffcfe3b0000 	C:\WINDOWS\SYSTEM32\dwrite.dll
0x00007ffd12c10000 - 0x00007ffd12cae000 	C:\WINDOWS\System32\clbcatq.dll
0x00007ffd09240000 - 0x00007ffd093eb000 	C:\WINDOWS\SYSTEM32\WindowsCodecs.dll
0x00007ffcf84b0000 - 0x00007ffcf84ff000 	C:\WINDOWS\system32\dataexchange.dll
0x00007ffd0d3f0000 - 0x00007ffd0d6d2000 	C:\WINDOWS\system32\d3d11.dll
0x00007ffd0dca0000 - 0x00007ffd0dde2000 	C:\WINDOWS\system32\dcomp.dll
0x00007ffd0e960000 - 0x00007ffd0ea0f000 	C:\WINDOWS\system32\dxgi.dll
0x00007ffd0e3b0000 - 0x00007ffd0e52b000 	C:\WINDOWS\system32\twinapi.appcore.dll
0x00007ffd0e350000 - 0x00007ffd0e370000 	C:\WINDOWS\system32\RMCLIENT.dll
0x00007ffd0f630000 - 0x00007ffd0f655000 	C:\WINDOWS\system32\bcrypt.dll
0x00007ffcf3240000 - 0x00007ffcf3274000 	C:\Program Files\Common Files\Microsoft Shared\Ink\rtscom.dll
0x00007ffcfee90000 - 0x00007ffcfef28000 	C:\WINDOWS\System32\TextInputFramework.dll
0x00007ffcfdd00000 - 0x00007ffcfdfee000 	C:\WINDOWS\System32\CoreUIComponents.dll
0x00007ffd0cee0000 - 0x00007ffd0cfbc000 	C:\WINDOWS\System32\CoreMessaging.dll
0x00007ffd0ec00000 - 0x00007ffd0ec31000 	C:\WINDOWS\SYSTEM32\ntmarta.dll
0x00007ffd0c300000 - 0x00007ffd0c436000 	C:\WINDOWS\SYSTEM32\wintypes.dll
0x00007ffce2650000 - 0x00007ffce2dbc000 	C:\WINDOWS\SYSTEM32\D3D10Warp.dll
0x00007ffd0fa00000 - 0x00007ffd0fa29000 	C:\WINDOWS\SYSTEM32\USERENV.dll

dbghelp: loaded successfully - version: 4.0.5 - missing functions: none
symbol engine: initialized successfully - sym options: 0x614 - pdb path: .;C:\Program Files\Java\jdk-10.0.1\bin;C:\WINDOWS\SYSTEM32;C:\WINDOWS\WinSxS\amd64_microsoft.windows.common-controls_6595b64144ccf1df_6.0.16299.431_none_15c7d3ee93659e73;C:\Program Files\Java\jdk-10.0.1\bin\server;C:\Program Files\JetBrains\IntelliJ IDEA Community Edition 2018.1.4\bin;C:\WINDOWS\System32\DriverStore\FileRepository\nvlti.inf_amd64_f2192b7c4f35c1af;C:\Program Files\Common Files\Microsoft Shared\Ink

VM Arguments:
jvm_args: -javaagent:C:\Program Files\JetBrains\IntelliJ IDEA Community Edition 2018.1.4\lib\idea_rt.jar=58876:C:\Program Files\JetBrains\IntelliJ IDEA Community Edition 2018.1.4\bin -Dfile.encoding=UTF-8 
java_command: Snake.Main
java_class_path (initial): C:\Users\Kamil\Desktop\Snake\out\production\Snake;C:\Users\Kamil\Downloads\json-simple-1.1.1.jar
Launcher Type: SUN_STANDARD

Logging:
Log output configuration:
#0: stdout all=warning uptime,level,tags
#1: stderr all=off uptime,level,tags

Environment Variables:
PATH=C:\Program Files (x86)\Common Files\Oracle\Java\javapath;C:\Windows\system32;C:\Windows;C:\Windows\System32\Wbem;C:\Windows\System32\WindowsPowerShell\v1.0\;C:\Program Files (x86)\NVIDIA Corporation\PhysX\Common;C:\WINDOWS\system32;C:\WINDOWS;C:\WINDOWS\System32\Wbem;C:\WINDOWS\System32\WindowsPowerShell\v1.0\;C:\Program Files (x86)\OpenVPN\bin;C:\Program Files\Intel\WiFi\bin\;C:\Program Files\Common Files\Intel\WirelessCommon\;c:\Program Files\Microsoft SQL Server\110\Tools\Binn\;C:\Program Files\Git\cmd;C:\Users\Kamil\AppData\Local\Microsoft\WindowsApps;C:\Program Files\Intel\WiFi\bin\;C:\Program Files\Common Files\Intel\WirelessCommon\
USERNAME=Kamil
OS=Windows_NT
PROCESSOR_IDENTIFIER=Intel64 Family 6 Model 60 Stepping 3, GenuineIntel



---------------  S Y S T E M  ---------------

OS: Windows 10 , 64 bit Build 16299 (10.0.16299.431)

CPU:total 4 (initial active 4) (2 cores per cpu, 2 threads per core) family 6 model 60 stepping 3, cmov, cx8, fxsr, mmx, sse, sse2, sse3, ssse3, sse4.1, sse4.2, popcnt, avx, avx2, aes, clmul, erms, lzcnt, ht, tsc, tscinvbit, bmi1, bmi2, fma

Memory: 4k page, physical 8302956k(4072508k free), swap 15238096k(8588864k free)

vm_info: Java HotSpot(TM) 64-Bit Server VM (10.0.1+10) for windows-amd64 JRE (10.0.1+10), built on Mar 27 2018 02:27:48 by "mach5one" with MS VC++ 12.0 (VS2013)

END.
